0 info it worked if it ends with ok
1 verbose cli [ '/Users/guillaume/.nvm/versions/node/v6.2.0/bin/node',
1 verbose cli   '/Users/guillaume/.nvm/versions/node/v6.2.0/bin/npm',
1 verbose cli   'run',
1 verbose cli   'build' ]
2 info using npm@4.0.5
3 info using node@v6.2.0
4 verbose run-script [ 'prebuild', 'build', 'postbuild' ]
5 info lifecycle hpstr-theme@~prebuild: hpstr-theme@
6 silly lifecycle hpstr-theme@~prebuild: no script for prebuild, continuing
7 info lifecycle hpstr-theme@~build: hpstr-theme@
8 verbose lifecycle hpstr-theme@~build: unsafe-perm in lifecycle true
9 verbose lifecycle hpstr-theme@~build: PATH: /Users/guillaume/.nvm/versions/node/v6.2.0/lib/node_modules/npm/bin/node-gyp-bin:/Users/guillaume/Sites/guillaumemaka.com/themes/hpstr/node_modules/.bin:/Users/guillaume/.rvm/gems/ruby-2.3.3/bin:/Users/guillaume/.rvm/gems/ruby-2.3.3@global/bin:/Users/guillaume/.rvm/rubies/ruby-2.3.3/bin:/Users/guillaume/.nvm/versions/node/v6.2.0/bin:/usr/local/Cellar/pyenv-virtualenv/1.0.0/shims:/usr/local/var/pyenv/shims:/Users/guillaume/.dnx/runtimes/dnx-coreclr-darwin-x64.1.0.0-rc1-update2/bin:/usr/local/sbin:/Users/guillaume/Developer/Library/SDK/Android/platform-tools:/usr/local/bin:/usr/bin:/bin:/usr/sbin:/sbin:/opt/X11/bin:/usr/local/share/dotnet:/usr/local/git/bin:/usr/local/MacGPG2/bin:/usr/local/Cellar/pyenv-virtualenv/1.0.0/shims:/usr/local/var/pyenv/shims:/usr/local/sbin:/Users/guillaume/Developer/Library/SDK/Android/platform-tools:/Users/guillaume/.dnx/bin:/usr/local/var/pyenv/bin:/Users/guillaume/Developer/go/bin:/Users/guillaume/.composer/vendor/bin:/usr/local/var/pyenv/bin:/Users/guillaume/Developer/go/bin:/Users/guillaume/.composer/vendor/bin:/Users/guillaume/.rvm/bin
10 verbose lifecycle hpstr-theme@~build: CWD: /Users/guillaume/Sites/guillaumemaka.com/themes/hpstr
11 silly lifecycle hpstr-theme@~build: Args: [ '-c', 'grunt --verbose --gruntfile ./static/Gruntfile.js' ]
12 silly lifecycle hpstr-theme@~build: Returned: code: 3  signal: null
13 info lifecycle hpstr-theme@~build: Failed to exec build script
14 verbose stack Error: hpstr-theme@ build: `grunt --verbose --gruntfile ./static/Gruntfile.js`
14 verbose stack Exit status 3
14 verbose stack     at EventEmitter.<anonymous> (/Users/guillaume/.nvm/versions/node/v6.2.0/lib/node_modules/npm/lib/utils/lifecycle.js:279:16)
14 verbose stack     at emitTwo (events.js:106:13)
14 verbose stack     at EventEmitter.emit (events.js:191:7)
14 verbose stack     at ChildProcess.<anonymous> (/Users/guillaume/.nvm/versions/node/v6.2.0/lib/node_modules/npm/lib/utils/spawn.js:40:14)
14 verbose stack     at emitTwo (events.js:106:13)
14 verbose stack     at ChildProcess.emit (events.js:191:7)
14 verbose stack     at maybeClose (internal/child_process.js:850:16)
14 verbose stack     at Process.ChildProcess._handle.onexit (internal/child_process.js:215:5)
15 verbose pkgid hpstr-theme@
16 verbose cwd /Users/guillaume/Sites/guillaumemaka.com/themes/hpstr/static
17 error Darwin 16.3.0
18 error argv "/Users/guillaume/.nvm/versions/node/v6.2.0/bin/node" "/Users/guillaume/.nvm/versions/node/v6.2.0/bin/npm" "run" "build"
19 error node v6.2.0
20 error npm  v4.0.5
21 error code ELIFECYCLE
22 error hpstr-theme@ build: `grunt --verbose --gruntfile ./static/Gruntfile.js`
22 error Exit status 3
23 error Failed at the hpstr-theme@ build script 'grunt --verbose --gruntfile ./static/Gruntfile.js'.
23 error Make sure you have the latest version of node.js and npm installed.
23 error If you do, this is most likely a problem with the hpstr-theme package,
23 error not with npm itself.
23 error Tell the author that this fails on your system:
23 error     grunt --verbose --gruntfile ./static/Gruntfile.js
23 error You can get information on how to open an issue for this project with:
23 error     npm bugs hpstr-theme
23 error Or if that isn't available, you can get their info via:
23 error     npm owner ls hpstr-theme
23 error There is likely additional logging output above.
24 verbose exit [ 1, true ]
